# JRE version: Java(TM) SE Runtime Environment (8.0_231-b11) (build 1.8.0_231-b11)
# Java VM: Java HotSpot(TM) 64-Bit Server VM (25.231-b11 mixed mode windows-amd64 compressed oops)
Heap:
 PSYoungGen      total 24064K, used 7831K [0x00000000ec600000, 0x00000000ee280000, 0x0000000100000000)
  eden space 18944K, 26% used [0x00000000ec600000,0x00000000ecad3fb0,0x00000000ed880000)
  from space 5120K, 56% used [0x00000000edd80000,0x00000000ee051e98,0x00000000ee280000)
  to   space 5120K, 0% used [0x00000000ed880000,0x00000000ed880000,0x00000000edd80000)
 ParOldGen       total 33280K, used 6940K [0x00000000c5200000, 0x00000000c7280000, 0x00000000ec600000)
  object space 33280K, 20% used [0x00000000c5200000,0x00000000c58c7118,0x00000000c7280000)
 Metaspace       used 23072K, capacity 24032K, committed 24192K, reserved 1071104K
  class space    used 3166K, capacity 3391K, committed 3456K, reserved 1048576K
GC Heap History (10 events):
Event: 20.514 GC heap before
{Heap before GC invocations=9 (full 0):
 PSYoungGen      total 19968K, used 9355K [0x00000000ec600000, 0x00000000ede00000, 0x0000000100000000)
  eden space 15360K, 37% used [0x00000000ec600000,0x00000000ecb922c0,0x00000000ed500000)
  from space 4608K, 79% used [0x00000000ed980000,0x00000000edd10a18,0x00000000ede00000)
  to   space 4608K, 0% used [0x00000000ed500000,0x00000000ed500000,0x00000000ed980000)
 ParOldGen       total 40960K, used 8694K [0x00000000c5200000, 0x00000000c7a00000, 0x00000000ec600000)
  object space 40960K, 21% used [0x00000000c5200000,0x00000000c5a7d848,0x00000000c7a00000)
 Metaspace       used 20399K, capacity 21134K, committed 21248K, reserved 1067008K
  class space    used 2791K, capacity 2986K, committed 3072K, reserved 1048576K
Event: 20.524 GC heap after
Heap after GC invocations=9 (full 0):
 PSYoungGen      total 19968K, used 1553K [0x00000000ec600000, 0x00000000ede00000, 0x0000000100000000)
  eden space 15360K, 0% used [0x00000000ec600000,0x00000000ec600000,0x00000000ed500000)
  from space 4608K, 33% used [0x00000000ed500000,0x00000000ed6847f8,0x00000000ed980000)
  to   space 4608K, 0% used [0x00000000ed980000,0x00000000ed980000,0x00000000ede00000)
 ParOldGen       total 40960K, used 9408K [0x00000000c5200000, 0x00000000c7a00000, 0x00000000ec600000)
  object space 40960K, 22% used [0x00000000c5200000,0x00000000c5b30078,0x00000000c7a00000)
 Metaspace       used 20399K, capacity 21134K, committed 21248K, reserved 1067008K
  class space    used 2791K, capacity 2986K, committed 3072K, reserved 1048576K
}
Event: 20.524 GC heap before
{Heap before GC invocations=10 (full 1):
 PSYoungGen      total 19968K, used 1553K [0x00000000ec600000, 0x00000000ede00000, 0x0000000100000000)
  eden space 15360K, 0% used [0x00000000ec600000,0x00000000ec600000,0x00000000ed500000)
  from space 4608K, 33% used [0x00000000ed500000,0x00000000ed6847f8,0x00000000ed980000)
  to   space 4608K, 0% used [0x00000000ed980000,0x00000000ed980000,0x00000000ede00000)
 ParOldGen       total 40960K, used 9408K [0x00000000c5200000, 0x00000000c7a00000, 0x00000000ec600000)
  object space 40960K, 22% used [0x00000000c5200000,0x00000000c5b30078,0x00000000c7a00000)
 Metaspace       used 20399K, capacity 21134K, committed 21248K, reserved 1067008K
  class space    used 2791K, capacity 2986K, committed 3072K, reserved 1048576K
Event: 20.828 GC heap after
Heap after GC invocations=10 (full 1):
 PSYoungGen      total 19968K, used 0K [0x00000000ec600000, 0x00000000ede00000, 0x0000000100000000)
  eden space 15360K, 0% used [0x00000000ec600000,0x00000000ec600000,0x00000000ed500000)
  from space 4608K, 0% used [0x00000000ed500000,0x00000000ed500000,0x00000000ed980000)
  to   space 4608K, 0% used [0x00000000ed980000,0x00000000ed980000,0x00000000ede00000)
 ParOldGen       total 33280K, used 6916K [0x00000000c5200000, 0x00000000c7280000, 0x00000000ec600000)
  object space 33280K, 20% used [0x00000000c5200000,0x00000000c58c1118,0x00000000c7280000)
 Metaspace       used 20397K, capacity 21128K, committed 21248K, reserved 1067008K
  class space    used 2790K, capacity 2985K, committed 3072K, reserved 1048576K
}
Event: 22.400 GC heap before
{Heap before GC invocations=11 (full 1):
 PSYoungGen      total 19968K, used 15360K [0x00000000ec600000, 0x00000000ede00000, 0x0000000100000000)
  eden space 15360K, 100% used [0x00000000ec600000,0x00000000ed500000,0x00000000ed500000)
  from space 4608K, 0% used [0x00000000ed500000,0x00000000ed500000,0x00000000ed980000)
  to   space 4608K, 0% used [0x00000000ed980000,0x00000000ed980000,0x00000000ede00000)
 ParOldGen       total 33280K, used 6916K [0x00000000c5200000, 0x00000000c7280000, 0x00000000ec600000)
  object space 33280K, 20% used [0x00000000c5200000,0x00000000c58c1118,0x00000000c7280000)
 Metaspace       used 21303K, capacity 22118K, committed 22400K, reserved 1069056K
  class space    used 2895K, capacity 3112K, committed 3200K, reserved 1048576K
Event: 22.406 GC heap after
Heap after GC invocations=11 (full 1):
 PSYoungGen      total 19456K, used 1346K [0x00000000ec600000, 0x00000000ee280000, 0x0000000100000000)
  eden space 14848K, 0% used [0x00000000ec600000,0x00000000ec600000,0x00000000ed480000)
  from space 4608K, 29% used [0x00000000ed980000,0x00000000edad0938,0x00000000ede00000)
  to   space 5120K, 0% used [0x00000000ed480000,0x00000000ed480000,0x00000000ed980000)
 ParOldGen       total 33280K, used 6924K [0x00000000c5200000, 0x00000000c7280000, 0x00000000ec600000)
  object space 33280K, 20% used [0x00000000c5200000,0x00000000c58c3118,0x00000000c7280000)
 Metaspace       used 21303K, capacity 22118K, committed 22400K, reserved 1069056K
  class space    used 2895K, capacity 3112K, committed 3200K, reserved 1048576K
}
Event: 23.459 GC heap before
{Heap before GC invocations=12 (full 1):
 PSYoungGen      total 19456K, used 16194K [0x00000000ec600000, 0x00000000ee280000, 0x0000000100000000)
  eden space 14848K, 100% used [0x00000000ec600000,0x00000000ed480000,0x00000000ed480000)
  from space 4608K, 29% used [0x00000000ed980000,0x00000000edad0938,0x00000000ede00000)
  to   space 5120K, 0% used [0x00000000ed480000,0x00000000ed480000,0x00000000ed980000)
 ParOldGen       total 33280K, used 6924K [0x00000000c5200000, 0x00000000c7280000, 0x00000000ec600000)
  object space 33280K, 20% used [0x00000000c5200000,0x00000000c58c3118,0x00000000c7280000)
 Metaspace       used 21606K, capacity 22496K, committed 22656K, reserved 1069056K
  class space    used 2954K, capacity 3163K, committed 3200K, reserved 1048576K
Event: 23.472 GC heap after
Heap after GC invocations=12 (full 1):
 PSYoungGen      total 19968K, used 1939K [0x00000000ec600000, 0x00000000ee280000, 0x0000000100000000)
  eden space 14848K, 0% used [0x00000000ec600000,0x00000000ec600000,0x00000000ed480000)
  from space 5120K, 37% used [0x00000000ed480000,0x00000000ed664eb8,0x00000000ed980000)
  to   space 5120K, 0% used [0x00000000edd80000,0x00000000edd80000,0x00000000ee280000)
 ParOldGen       total 33280K, used 6932K [0x00000000c5200000, 0x00000000c7280000, 0x00000000ec600000)
  object space 33280K, 20% used [0x00000000c5200000,0x00000000c58c5118,0x00000000c7280000)
 Metaspace       used 21606K, capacity 22496K, committed 22656K, reserved 1069056K
  class space    used 2954K, capacity 3163K, committed 3200K, reserved 1048576K
}
Event: 24.697 GC heap before
{Heap before GC invocations=13 (full 1):
 PSYoungGen      total 19968K, used 16787K [0x00000000ec600000, 0x00000000ee280000, 0x0000000100000000)
  eden space 14848K, 100% used [0x00000000ec600000,0x00000000ed480000,0x00000000ed480000)
  from space 5120K, 37% used [0x00000000ed480000,0x00000000ed664eb8,0x00000000ed980000)
  to   space 5120K, 0% used [0x00000000edd80000,0x00000000edd80000,0x00000000ee280000)
 ParOldGen       total 33280K, used 6932K [0x00000000c5200000, 0x00000000c7280000, 0x00000000ec600000)
  object space 33280K, 20% used [0x00000000c5200000,0x00000000c58c5118,0x00000000c7280000)
 Metaspace       used 22567K, capacity 23552K, committed 23680K, reserved 1069056K
  class space    used 3100K, capacity 3347K, committed 3456K, reserved 1048576K
Event: 24.709 GC heap after
Heap after GC invocations=13 (full 1):
 PSYoungGen      total 24064K, used 2887K [0x00000000ec600000, 0x00000000ee280000, 0x0000000100000000)
  eden space 18944K, 0% used [0x00000000ec600000,0x00000000ec600000,0x00000000ed880000)
  from space 5120K, 56% used [0x00000000edd80000,0x00000000ee051e98,0x00000000ee280000)
  to   space 5120K, 0% used [0x00000000ed880000,0x00000000ed880000,0x00000000edd80000)
 ParOldGen       total 33280K, used 6940K [0x00000000c5200000, 0x00000000c7280000, 0x00000000ec600000)
  object space 33280K, 20% used [0x00000000c5200000,0x00000000c58c7118,0x00000000c7280000)
 Metaspace       used 22567K, capacity 23552K, committed 23680K, reserved 1069056K
  class space    used 3100K, capacity 3347K, committed 3456K, reserved 1048576K
}

